

Started GET "/" for ::1 at 2016-09-21 14:25:30 -0700
Processing by WelcomeController#index as HTML
  Rendered welcome/index.html.erb within layouts/application (1.6ms)
Completed 200 OK in 1060ms (Views: 1049.9ms | ActiveRecord: 0.0ms)


Started GET "/assets/welcome.self-e3b0c44298fc1c149afbf4c8996fb92427ae41e4649b934ca495991b7852b855.css?body=1" for ::1 at 2016-09-21 14:25:31 -0700


Started GET "/assets/jquery.self-bd7ddd393353a8d2480a622e80342adf488fb6006d667e8b42e4c0073393abee.js?body=1" for ::1 at 2016-09-21 14:25:31 -0700


Started GET "/assets/application.self-e80e8f2318043e8af94dddc2adad5a4f09739a8ebb323b3ab31cd71d45fd9113.css?body=1" for ::1 at 2016-09-21 14:25:31 -0700


Started GET "/assets/jquery_ujs.self-784a997f6726036b1993eb2217c9cb558e1cbb801c6da88105588c56f13b466a.js?body=1" for ::1 at 2016-09-21 14:25:31 -0700


Started GET "/assets/welcome.self-877aef30ae1b040ab8a3aba4e3e309a11d7f2612f44dde450b5c157aa5f95c05.js?body=1" for ::1 at 2016-09-21 14:25:31 -0700


Started GET "/assets/turbolinks.self-c5acd7a204f5f25ce7a1d8a0e4d92e28d34c9e2df2c7371cd7af88e147e4ad82.js?body=1" for ::1 at 2016-09-21 14:25:31 -0700


Started GET "/assets/application.self-3b8dabdc891efe46b9a144b400ad69e37d7e5876bdc39dee783419a69d7ca819.js?body=1" for ::1 at 2016-09-21 14:25:31 -0700


Started GET "/" for ::1 at 2016-09-21 15:10:31 -0700
Processing by WelcomeController#index as HTML
  Rendered welcome/index.html.erb within layouts/application (1.6ms)
Completed 200 OK in 599ms (Views: 587.7ms | ActiveRecord: 0.0ms)
  [1m[36m (50.4ms)[0m  [1mCREATE TABLE "schema_migrations" ("version" character varying NOT NULL) [0m
  [1m[35m (8.1ms)[0m  CREATE UNIQUE INDEX  "unique_schema_migrations" ON "schema_migrations"  ("version")
  [1m[36mActiveRecord::SchemaMigration Load (0.7ms)[0m  [1mSELECT "schema_migrations".* FROM "schema_migrations"[0m
Migrating to DeviseCreateUsers (20160921221354)
  [1m[35m (0.2ms)[0m  BEGIN
  [1m[36m (46.9ms)[0m  [1mCREATE TABLE "users" ("id" serial primary key, "email" character varying DEFAULT '' NOT NULL, "encrypted_password" character varying DEFAULT '' NOT NULL, "reset_password_token" character varying, "reset_password_sent_at" timestamp, "remember_created_at" timestamp, "sign_in_count" integer DEFAULT 0 NOT NULL, "current_sign_in_at" timestamp, "last_sign_in_at" timestamp, "current_sign_in_ip" inet, "last_sign_in_ip" inet, "created_at" timestamp NOT NULL, "updated_at" timestamp NOT NULL) [0m
  [1m[35m (1.0ms)[0m  CREATE UNIQUE INDEX  "index_users_on_email" ON "users"  ("email")
  [1m[36m (0.9ms)[0m  [1mCREATE UNIQUE INDEX  "index_users_on_reset_password_token" ON "users"  ("reset_password_token")[0m
  [1m[35mSQL (1.6ms)[0m  INSERT INTO "schema_migrations" ("version") VALUES ($1)  [["version", "20160921221354"]]
  [1m[36m (6.3ms)[0m  [1mCOMMIT[0m
  [1m[35mActiveRecord::SchemaMigration Load (0.2ms)[0m  SELECT "schema_migrations".* FROM "schema_migrations"
  [1m[36m (6.6ms)[0m  [1mSELECT t2.oid::regclass::text AS to_table, a1.attname AS column, a2.attname AS primary_key, c.conname AS name, c.confupdtype AS on_update, c.confdeltype AS on_delete
FROM pg_constraint c
JOIN pg_class t1 ON c.conrelid = t1.oid
JOIN pg_class t2 ON c.confrelid = t2.oid
JOIN pg_attribute a1 ON a1.attnum = c.conkey[1] AND a1.attrelid = t1.oid
JOIN pg_attribute a2 ON a2.attnum = c.confkey[1] AND a2.attrelid = t2.oid
JOIN pg_namespace t3 ON c.connamespace = t3.oid
WHERE c.contype = 'f'
  AND t1.relname = 'users'
  AND t3.nspname = ANY (current_schemas(false))
ORDER BY c.conname
[0m
  [1m[36mUser Load (3.0ms)[0m  [1mSELECT "users".* FROM "users"[0m


Started GET "/" for ::1 at 2016-09-21 15:21:26 -0700
  [1m[36mActiveRecord::SchemaMigration Load (0.5ms)[0m  [1mSELECT "schema_migrations".* FROM "schema_migrations"[0m
Processing by WelcomeController#index as HTML
  Rendered welcome/index.html.erb within layouts/application (1.7ms)
Completed 200 OK in 367ms (Views: 351.2ms | ActiveRecord: 0.0ms)


Started GET "/" for ::1 at 2016-09-21 15:25:48 -0700
Processing by WelcomeController#index as HTML
  Rendered welcome/index.html.erb within layouts/application (5.6ms)
Completed 200 OK in 41ms (Views: 39.8ms | ActiveRecord: 0.0ms)


Started GET "/users/sign_in" for ::1 at 2016-09-21 15:25:50 -0700
Processing by Devise::SessionsController#new as HTML
  Rendered devise/shared/_links.html.erb (3.4ms)
  Rendered devise/sessions/new.html.erb within layouts/application (71.7ms)
Completed 200 OK in 145ms (Views: 117.9ms | ActiveRecord: 4.9ms)


Started GET "/users/sign_up" for ::1 at 2016-09-21 15:25:59 -0700
Processing by Devise::RegistrationsController#new as HTML
  Rendered devise/shared/_links.html.erb (0.5ms)
  Rendered devise/registrations/new.html.erb within layouts/application (7.0ms)
Completed 200 OK in 51ms (Views: 49.5ms | ActiveRecord: 0.0ms)


Started POST "/users" for ::1 at 2016-09-21 15:26:19 -0700
Processing by Devise::RegistrationsController#create as HTML
  Parameters: {"utf8"=>"✓", "authenticity_token"=>"MUOKDnRCUmdBawKzKnf2bVu/Wj2amDED4k7JXoeGZZ5ueZbqq65eRknr24ANN4phSfUUs2rZLiz0Hwme+fxn8A==", "user"=>{"email"=>"cherry@c.com", "password"=>"[FILTERED]", "password_confirmation"=>"[FILTERED]"}, "commit"=>"Sign up"}
  [1m[35m (0.2ms)[0m  BEGIN
  [1m[36mUser Exists (3.2ms)[0m  [1mSELECT  1 AS one FROM "users" WHERE "users"."email" = 'cherry@c.com' LIMIT 1[0m
  [1m[35mSQL (6.2ms)[0m  INSERT INTO "users" ("email", "encrypted_password", "created_at", "updated_at") VALUES ($1, $2, $3, $4) RETURNING "id"  [["email", "cherry@c.com"], ["encrypted_password", "$2a$11$NbghMxw.3wGVEREJa8FdAuVuGBr2I9o/lfxvgXl95.L5tTgJ.rXsu"], ["created_at", "2016-09-21 22:26:19.698055"], ["updated_at", "2016-09-21 22:26:19.698055"]]
  [1m[36m (0.7ms)[0m  [1mCOMMIT[0m
  [1m[35m (0.2ms)[0m  BEGIN
  [1m[36mSQL (1.3ms)[0m  [1mUPDATE "users" SET "last_sign_in_at" = $1, "current_sign_in_at" = $2, "last_sign_in_ip" = $3, "current_sign_in_ip" = $4, "sign_in_count" = $5, "updated_at" = $6 WHERE "users"."id" = $7[0m  [["last_sign_in_at", "2016-09-21 22:26:19.722182"], ["current_sign_in_at", "2016-09-21 22:26:19.722182"], ["last_sign_in_ip", "::1/128"], ["current_sign_in_ip", "::1/128"], ["sign_in_count", 1], ["updated_at", "2016-09-21 22:26:19.724222"], ["id", 1]]
  [1m[35m (0.3ms)[0m  COMMIT
Redirected to http://localhost:3000/
Completed 302 Found in 305ms (ActiveRecord: 12.3ms)


Started GET "/" for ::1 at 2016-09-21 15:26:19 -0700
Processing by WelcomeController#index as HTML
  [1m[36mUser Load (6.8ms)[0m  [1mSELECT  "users".* FROM "users" WHERE "users"."id" = $1  ORDER BY "users"."id" ASC LIMIT 1[0m  [["id", 1]]
  Rendered welcome/index.html.erb within layouts/application (15.5ms)
Completed 200 OK in 45ms (Views: 37.8ms | ActiveRecord: 6.8ms)


Started DELETE "/users/sign_out" for ::1 at 2016-09-21 15:26:25 -0700
Processing by Devise::SessionsController#destroy as HTML
  Parameters: {"authenticity_token"=>"7a21GZ4wFa/yG4uU4kxPWD5QdasB3r/gPxUptbW0CXmyl6n9QdwZjvqbUqfFDDNULBo7JfGfoM8pROl1y84LFw=="}
  [1m[35mUser Load (0.3ms)[0m  SELECT  "users".* FROM "users" WHERE "users"."id" = $1  ORDER BY "users"."id" ASC LIMIT 1  [["id", 1]]
  [1m[36m (0.2ms)[0m  [1mBEGIN[0m
  [1m[35m (0.2ms)[0m  COMMIT
Redirected to http://localhost:3000/
Completed 302 Found in 9ms (ActiveRecord: 0.7ms)


Started GET "/" for ::1 at 2016-09-21 15:26:25 -0700
Processing by WelcomeController#index as HTML
  Rendered welcome/index.html.erb within layouts/application (0.6ms)
Completed 200 OK in 42ms (Views: 41.4ms | ActiveRecord: 0.0ms)
